Time	CPU	Memory	Files	Child Processes
1550071390.620233	0
1550071390.620252	0
1550071390.620259	0
1550071390.620266	0
1550071390.620272	0
1550071390.620278	0
1550071390.620284	0
1550071390.620291	0
1550071390.620297	0
1550071390.620303	0
1550071390.620309	0
1550071390.620315	0
1550071390.620321	0
1550071390.620328	0
1550071390.620334	0
1550071390.620340	0
1550071390.620346	0
1550071390.620352	0
1550071390.620358	0
1550071390.620365	0
1550071390.620371	0
1550071390.620377	0
1550071390.620383	0
1550071390.620389	0
1550071390.620396	0
1550071390.620402	0
1550071390.620408	0
1550071390.620414	0
1550071390.620420	0
1550071390.620426	0
1550071390.620432	0
1550071390.620438	0
1550071390.620444	0
1550071390.620450	0
1550071390.620456	0
1550071390.620463	0
1550071390.620469	0
1550071390.620475	0
1550071390.620481	0
1550071390.620487	0
1550071390.620494	0
1550071390.620500	0
1550071390.620506	0
1550071390.620512	0
1550071390.620519	0
1550071390.620525	0
1550071390.620531	0
1550071390.620537	0
1550071390.620543	0
1550071390.620549	0
1550071390.620556	0
1550071390.620562	0
1550071390.620568	0
1550071390.620574	0
1550071390.620580	0
1550071390.620586	0
1550071390.620593	0
1550071390.620599	0
1550071390.620605	0
1550071390.620611	0
1550071390.620617	0
1550071390.620623	0
1550071390.620630	0
1550071390.620636	0
1550071390.620642	0
1550071390.620648	0
1550071390.620654	0
1550071390.620661	0
1550071390.620667	0
1550071390.620673	0
1550071390.620679	0
1550071390.620685	0
1550071390.620691	0
1550071390.620698	0
1550071390.620704	0
1550071390.620710	0
1550071390.620716	0
1550071390.620722	0
1550071390.620728	0
1550071390.620735	0
1550071390.620741	0
1550071390.620747	0
1550071390.620753	0
1550071390.620759	0
1550071390.620765	0
1550071390.620771	0
1550071390.620777	0
1550071390.620784	0
1550071390.620790	0
1550071390.620796	0
1550071390.620802	0
1550071390.620808	0
1550071390.620814	0
1550071390.620820	0
1550071390.620826	0
1550071390.620832	0
1550071390.620838	0
1550071390.620844	0
1550071390.620850	0
1550071390.620857	0
1550071390.620863	0
1550071390.620869	0
1550071390.620875	0
1550071390.620881	0
1550071390.620887	0
1550071390.620893	0
1550071390.620899	0
1550071390.620905	0
1550071390.620912	0
1550071390.620918	0
1550071390.620924	0
1550071390.620930	0
1550071390.620936	0
1550071390.620942	0
1550071390.620949	0
1550071390.620955	0
1550071390.620961	0
1550071390.620967	0
1550071390.620973	0
1550071390.620979	0
1550071390.620985	0
1550071390.620992	0
1550071390.620998	0
1550071390.621004	0
1550071390.621010	0
1550071390.621016	0
1550071390.621022	0
1550071390.621028	0
1550071390.621034	0
1550071390.621040	0
1550071390.621046	0
1550071390.621053	0
1550071390.621059	0
1550071390.621065	0
1550071390.621071	0
1550071390.621077	0
1550071390.621083	0
1550071390.621089	0
1550071390.621096	0
1550071390.621102	0
1550071390.621108	0
1550071390.621114	0
1550071390.621120	0
1550071390.621127	0
1550071390.621133	0
1550071390.621139	0
1550071390.621145	0
1550071390.621151	0
1550071390.621157	0
1550071390.621164	0
1550071390.621170	0
1550071390.621176	0
1550071390.621182	0
1550071390.621189	0
1550071390.621195	0
1550071390.621201	0
1550071390.621207	0
1550071390.621214	0
