Time	CPU	Memory	Files	Child Processes
1550071427.628223	0
1550071427.628244	0
1550071427.628249	0
1550071427.628253	0
1550071427.628257	0
1550071427.628261	0
1550071427.628265	0
1550071427.628270	0
1550071427.628275	0
1550071427.628279	0
1550071427.628283	0
1550071427.628288	0
1550071427.628292	0
1550071427.628297	0
1550071427.628301	0
1550071427.628306	0
1550071427.628310	0
1550071427.628314	0
1550071427.628318	0
1550071427.628321	0
1550071427.628325	0
1550071427.628328	0
1550071427.628331	0
1550071427.628335	0
1550071427.628338	0
1550071427.628341	0
1550071427.628345	0
1550071427.628350	0
1550071427.628354	0
1550071427.628358	0
1550071427.628362	0
1550071427.628367	0
1550071427.628371	0
1550071427.628375	0
1550071427.628379	0
1550071427.628384	0
1550071427.628388	0
1550071427.628392	0
1550071427.628396	0
1550071427.628400	0
1550071427.628403	0
1550071427.628407	0
1550071427.628411	0
1550071427.628415	0
1550071427.628419	0
1550071427.628423	0
1550071427.628427	0
1550071427.628431	0
1550071427.628435	0
1550071427.628439	0
1550071427.628443	0
1550071427.628448	0
1550071427.628452	0
1550071427.628456	0
1550071427.628460	0
1550071427.628465	0
1550071427.628470	0
1550071427.628474	0
1550071427.628477	0
1550071427.628481	0
1550071427.628484	0
1550071427.628487	0
1550071427.628491	0
1550071427.628494	0
1550071427.628497	0
1550071427.628501	0
1550071427.628504	0
1550071427.628507	0
1550071427.628511	0
1550071427.628515	0
1550071427.628520	0
1550071427.628524	0
1550071427.628528	0
1550071427.628532	0
1550071427.628537	0
1550071427.628541	0
1550071427.628546	0
1550071427.628550	0
1550071427.628555	0
1550071427.628559	0
1550071427.628564	0
1550071427.628569	0
1550071427.628573	0
1550071427.628577	0
1550071427.628582	0
1550071427.628586	0
1550071427.628591	0
1550071427.628595	0
1550071427.628599	0
1550071427.628604	0
1550071427.628608	0
1550071427.628612	0
1550071427.628617	0
1550071427.628621	0
1550071427.628626	0
1550071427.628630	0
1550071427.628635	0
1550071427.628639	0
1550071427.628644	0
1550071427.628648	0
1550071427.628653	0
1550071427.628657	0
1550071427.628662	0
1550071427.628666	0
1550071427.628671	0
1550071427.628675	0
1550071427.628680	0
1550071427.628684	0
1550071427.628689	0
1550071427.628694	0
1550071427.628698	0
1550071427.628703	0
1550071427.628707	0
1550071427.628712	0
1550071427.628717	0
1550071427.628721	0
1550071427.628726	0
1550071427.628730	0
1550071427.628735	0
1550071427.628739	0
1550071427.628744	0
1550071427.628749	0
1550071427.628753	0
1550071427.628757	0
1550071427.628762	0
1550071427.628766	0
1550071427.628771	0
1550071427.628776	0
1550071427.628780	0
1550071427.628785	0
1550071427.628789	0
1550071427.628794	0
1550071427.628799	0
1550071427.628803	0
1550071427.628808	0
1550071427.628812	0
1550071427.628816	0
1550071427.628821	0
1550071427.628825	0
1550071427.628830	0
1550071427.628835	0
1550071427.628839	0
1550071427.628844	0
1550071427.628848	0
1550071427.628852	0
1550071427.628857	0
1550071427.628861	0
1550071427.628866	0
1550071427.628871	0
1550071427.628875	0
1550071427.628880	0
1550071427.628885	0
1550071427.628889	0
1550071427.628894	0
1550071427.628898	0
1550071427.628903	0
1550071427.628908	0
1550071427.628912	0
1550071427.628917	0
1550071427.628921	0
1550071427.628926	0
1550071427.628931	0
1550071427.628935	0
1550071427.628940	0
1550071427.628944	0
1550071427.628949	0
1550071427.628953	0
1550071427.628958	0
1550071427.628962	0
1550071427.628967	0
1550071427.628971	0
1550071427.628976	0
1550071427.628981	0
1550071427.628985	0
1550071427.628990	0
1550071427.628994	0
1550071427.628999	0
1550071427.629003	0
1550071427.629008	0
1550071427.629012	0
1550071427.629017	0
1550071427.629022	0
1550071427.629027	0
1550071427.629031	0
1550071427.629036	0
1550071427.629040	0
1550071427.629045	0
1550071427.629049	0
1550071427.629054	0
1550071427.629058	0
1550071427.629063	0
1550071427.629067	0
1550071427.629072	0
1550071427.629076	0
1550071427.629081	0
1550071427.629086	0
1550071427.629090	0
1550071427.629095	0
1550071427.629099	0
1550071427.629104	0
1550071427.629108	0
1550071427.629113	0
1550071427.629117	0
1550071427.629174	0
1550071427.629181	0
1550071427.629185	0
1550071427.629190	0
1550071427.629194	0
1550071427.629199	0
1550071427.629204	0
1550071427.629208	0
1550071427.629212	0
1550071427.629217	0
1550071427.629221	0
1550071427.629226	0
1550071427.629230	0
1550071427.629235	0
1550071427.629240	0
1550071427.629244	0
1550071427.629249	0
1550071427.629253	0
1550071427.629258	0
1550071427.629263	0
1550071427.629267	0
1550071427.629271	0
1550071427.629276	0
1550071427.629281	0
1550071427.629285	0
1550071427.629290	0
1550071427.629294	0
1550071427.629299	0
1550071427.629303	0
1550071427.629307	0
1550071427.629312	0
1550071427.629317	0
1550071427.629321	0
1550071427.629326	0
1550071427.629330	0
1550071427.629335	0
1550071427.629340	0
1550071427.629344	0
1550071427.629349	0
1550071427.629353	0
1550071427.629358	0
1550071427.629363	0
1550071427.629367	0
1550071427.629372	0
1550071427.629377	0
1550071427.629381	0
1550071427.629386	0
1550071427.629390	0
1550071427.629395	0
1550071427.629399	0
1550071427.629404	0
1550071427.629408	0
1550071427.629413	0
1550071427.629418	0
1550071427.629422	0
1550071427.629427	0
1550071427.629431	0
1550071427.629435	0
1550071427.629440	0
1550071427.629444	0
1550071427.629449	0
1550071427.629454	0
1550071427.629458	0
1550071427.629463	0
1550071427.629468	0
1550071427.629472	0
1550071427.629477	0
1550071427.629481	0
1550071427.629486	0
1550071427.629490	0
1550071427.629495	0
1550071427.629500	0
1550071427.629504	0
1550071427.629509	0
1550071427.629514	0
1550071427.629518	0
1550071427.629523	0
1550071427.629528	0
1550071427.629532	0
1550071427.629537	0
1550071427.629541	0
1550071427.629546	0
1550071427.629550	0
1550071427.629555	0
1550071427.629559	0
1550071427.629564	0
1550071427.629568	0
1550071427.629573	0
1550071427.629577	0
1550071427.629582	0
1550071427.629586	0
1550071427.629591	0
1550071427.629595	0
1550071427.629600	0
1550071427.629604	0
1550071427.629609	0
1550071427.629614	0
1550071427.629618	0
1550071427.629623	0
1550071427.629628	0
1550071427.629632	0
1550071427.629637	0
1550071427.629642	0
1550071427.629646	0
1550071427.629651	0
1550071427.629656	0
1550071427.629660	0
1550071427.629665	0
1550071427.629669	0
1550071427.629674	0
1550071427.629679	0
1550071427.629683	0
1550071427.629688	0
1550071427.629692	0
1550071427.629697	0
1550071427.629702	0
1550071427.629706	0
1550071427.629710	0
1550071427.629715	0
1550071427.629720	0
1550071427.629724	0
1550071427.629729	0
1550071427.629733	0
1550071427.629738	0
1550071427.629742	0
1550071427.629747	0
1550071427.629751	0
1550071427.629756	0
1550071427.629761	0
1550071427.629765	0
1550071427.629770	0
1550071427.629775	0
1550071427.629779	0
1550071427.629784	0
1550071427.629788	0
1550071427.629793	0
1550071427.629798	0
1550071427.629802	0
1550071427.629807	0
1550071427.629811	0
1550071427.629816	0
1550071427.629820	0
1550071427.629825	0
1550071427.629830	0
1550071427.629834	0
1550071427.629839	0
1550071427.629844	0
1550071427.629848	0
1550071427.629853	0
1550071427.629857	0
1550071427.629862	0
1550071427.629866	0
1550071427.629871	0
1550071427.629876	0
1550071427.629880	0
1550071427.629885	0
1550071427.629889	0
1550071427.629894	0
1550071427.629898	0
1550071427.629903	0
1550071427.629907	0
1550071427.629912	0
1550071427.629917	0
1550071427.629921	0
1550071427.629926	0
1550071427.629931	0
1550071427.629935	0
1550071427.629940	0
1550071427.629945	0
1550071427.629949	0
1550071427.629954	0
1550071427.629958	0
1550071427.629963	0
1550071427.629967	0
1550071427.629972	0
1550071427.629977	0
1550071427.629981	0
1550071427.629986	0
1550071427.629990	0
1550071427.629995	0
1550071427.629999	0
1550071427.630004	0
1550071427.630009	0
1550071427.630013	0
1550071427.630018	0
1550071427.630022	0
1550071427.630027	0
1550071427.630031	0
1550071427.630035	0
1550071427.630040	0
1550071427.630044	0
1550071427.630049	0
1550071427.630053	0
1550071427.630058	0
1550071427.630062	0
1550071427.630066	0
1550071427.630071	0
1550071427.630075	0
1550071427.630080	0
1550071427.630084	0
1550071427.630088	0
1550071427.630093	0
1550071427.630098	0
1550071427.630102	0
1550071427.630107	0
1550071427.630134	0
1550071427.630140	0
1550071427.630144	0
1550071427.630149	0
1550071427.630153	0
1550071427.630158	0
1550071427.630162	0
1550071427.630167	0
1550071427.630171	0
1550071427.630175	0
1550071427.630180	0
1550071427.630184	0
1550071427.630189	0
1550071427.630194	0
1550071427.630198	0
1550071427.630203	0
1550071427.630207	0
1550071427.630212	0
1550071427.630216	0
1550071427.630220	0
1550071427.630225	0
1550071427.630229	0
1550071427.630234	0
1550071427.630238	0
1550071427.630243	0
1550071427.630247	0
1550071427.630252	0
1550071427.630256	0
1550071427.630261	0
1550071427.630265	0
1550071427.630270	0
1550071427.630274	0
1550071427.630279	0
1550071427.630284	0
1550071427.630288	0
1550071427.630293	0
1550071427.630297	0
1550071427.630302	0
1550071427.630307	0
1550071427.630311	0
1550071427.630316	0
1550071427.630320	0
1550071427.630325	0
1550071427.630330	0
1550071427.630334	0
1550071427.630339	0
1550071427.630343	0
1550071427.630348	0
1550071427.630352	0
1550071427.630357	0
1550071427.630361	0
1550071427.630366	0
1550071427.630371	0
1550071427.630375	0
1550071427.630380	0
1550071427.630385	0
1550071427.630389	0
1550071427.630393	0
1550071427.630398	0
1550071427.630402	0
1550071427.630407	0
1550071427.630411	0
1550071427.630416	0
1550071427.630420	0
1550071427.630425	0
1550071427.630429	0
1550071427.630434	0
1550071427.630438	0
1550071427.630443	0
1550071427.630447	0
1550071427.630452	0
1550071427.630457	0
1550071427.630461	0
1550071427.630466	0
1550071427.630470	0
1550071427.630475	0
1550071427.630480	0
1550071427.630484	0
1550071427.630519	0
1550071427.630523	0
1550071427.630528	0
1550071427.630532	0
1550071427.630537	0
1550071427.630541	0
1550071427.630546	0
1550071427.630551	0
1550071427.630555	0
1550071427.630559	0
1550071427.630564	0
1550071427.630569	0
1550071427.630573	0
1550071427.630578	0
1550071427.630582	0
1550071427.630587	0
1550071427.630592	0
1550071427.630596	0
1550071427.630600	0
1550071427.630605	0
1550071427.630609	0
1550071427.630614	0
1550071427.630618	0
1550071427.630623	0
1550071427.630627	0
1550071427.630632	0
1550071427.630636	0
1550071427.630641	0
1550071427.630645	0
1550071427.630650	0
1550071427.630654	0
1550071427.630659	0
1550071427.630664	0
1550071427.630668	0
1550071427.630673	0
1550071427.630677	0
1550071427.630682	0
1550071427.630687	0
1550071427.630691	0
1550071427.630696	0
1550071427.630700	0
1550071427.630705	0
1550071427.630709	0
1550071427.630714	0
1550071427.630719	0
1550071427.630723	0
1550071427.630728	0
1550071427.630732	0
1550071427.630737	0
1550071427.630741	0
1550071427.630745	0
1550071427.630750	0
1550071427.630755	0
1550071427.630759	0
1550071427.630764	0
1550071427.630768	0
1550071427.630773	0
1550071427.630777	0
1550071427.630782	0
1550071427.630786	0
1550071427.630791	0
1550071427.630795	0
1550071427.630800	0
1550071427.630804	0
1550071427.630809	0
1550071427.630813	0
1550071427.630817	0
1550071427.630822	0
1550071427.630826	0
1550071427.630831	0
1550071427.630835	0
1550071427.630840	0
1550071427.630844	0
1550071427.630849	0
1550071427.630854	0
1550071427.630859	0
1550071427.630863	0
1550071427.630867	0
1550071427.630872	0
1550071427.630876	0
1550071427.630881	0
1550071427.630885	0
1550071427.630890	0
1550071427.630895	0
1550071427.630899	0
1550071427.630904	0
1550071427.630909	0
1550071427.630913	0
1550071427.630918	0
1550071427.630922	0
1550071427.630926	0
1550071427.630931	0
1550071427.630935	0
1550071427.630940	0
1550071427.630944	0
1550071427.630949	0
1550071427.630953	0
1550071427.630958	0
1550071427.630962	0
1550071427.630966	0
1550071427.630971	0
1550071427.630976	0
1550071427.630980	0
1550071427.630985	0
1550071427.630989	0
1550071427.630994	0
1550071427.630998	0
1550071427.631003	0
1550071427.631007	0
1550071427.631011	0
1550071427.631015	0
1550071427.631019	0
1550071427.631024	0
1550071427.631028	0
1550071427.631033	0
1550071427.631037	0
1550071427.631041	0
1550071427.631045	0
1550071427.631049	0
1550071427.631053	0
1550071427.631057	0
1550071427.631061	0
1550071427.631066	0
1550071427.631070	0
1550071427.631075	0
1550071427.631079	0
1550071427.631082	0
1550071427.631105	0
1550071427.631110	0
1550071427.631115	0
1550071427.631119	0
1550071427.631122	0
1550071427.631126	0
1550071427.631129	0
1550071427.631132	0
1550071427.631136	0
1550071427.631139	0
1550071427.631142	0
1550071427.631146	0
1550071427.631149	0
1550071427.631152	0
1550071427.631156	0
1550071427.631159	0
1550071427.631162	0
1550071427.631166	0
1550071427.631169	0
1550071427.631172	0
1550071427.631176	0
1550071427.631179	0
1550071427.631182	0
1550071427.631185	0
1550071427.631189	0
1550071427.631192	0
1550071427.631195	0
1550071427.631199	0
1550071427.631202	0
1550071427.631205	0
1550071427.631209	0
1550071427.631212	0
1550071427.631215	0
1550071427.631219	0
1550071427.631222	0
1550071427.631225	0
1550071427.631229	0
1550071427.631232	0
1550071427.631235	0
1550071427.631239	0
1550071427.631242	0
1550071427.631245	0
1550071427.631249	0
1550071427.631252	0
1550071427.631255	0
1550071427.631258	0
1550071427.631262	0
1550071427.631265	0
1550071427.631268	0
1550071427.631272	0
1550071427.631275	0
1550071427.631278	0
1550071427.631282	0
1550071427.631285	0
1550071427.631288	0
1550071427.631291	0
1550071427.631295	0
1550071427.631298	0
1550071427.631301	0
1550071427.631305	0
1550071427.631308	0
1550071427.631311	0
1550071427.631315	0
1550071427.631318	0
1550071427.631321	0
1550071427.631325	0
1550071427.631328	0
1550071427.631463	25309
1550071427.631470	32606
1550071427.631475	38038
1550071427.631481	43433
1550071427.631486	48819
1550071427.631492	54341
1550071427.631497	59730
1550071427.631502	64966
1550071427.631508	70432
1550071427.631513	75946
1550071427.631519	81411
1550071427.631524	86703
1550071427.631529	92086
1550071427.631535	97520
1550071427.631540	102834
1550071427.631546	108358
1550071427.631551	113744
1550071427.631556	119099
1550071427.631562	124330
1550071427.631567	129879
1550071427.631573	135382
1550071427.631578	140839
1550071427.631584	146343
1550071427.631589	151711
1550071427.631595	157262
1550071427.631600	162742
1550071427.631605	168137
1550071427.631611	173584
1550071427.631616	179060
1550071427.631622	184521
1550071427.631627	189893
1550071427.631632	195229
1550071427.631638	200767
1550071427.631643	206297
1550071427.631649	211613
1550071427.631654	217072
1550071427.631660	222479
1550071427.631665	227939
1550071427.631671	233691
1550071427.631676	239100
1550071427.631682	244617
1550071427.631687	250070
1550071427.631693	255529
1550071427.631698	260989
1550071427.631704	266492
1550071427.631709	271970
1550071427.631715	277430
1550071427.631720	282944
1550071427.631726	288392
1550071427.631731	293747
1550071427.631737	299242
1550071427.631742	304817
1550071427.631748	310226
1550071427.631753	315686
1550071427.631758	321148
1550071427.631764	326629
1550071427.631769	332238
1550071427.631775	337654
1550071427.631781	344119
1550071427.631788	350724
1550071427.631794	356908
1550071427.631801	363685
1550071427.631808	370540
1550071427.631814	377000
1550071427.631821	383538
1550071427.631827	389934
1550071427.631833	395475
1550071427.631838	400889
1550071427.631843	406175
1550071427.631849	411472
1550071427.631854	416888
1550071427.631859	422112
1550071427.631865	427475
1550071427.631870	432849
1550071427.631875	438192
1550071427.631881	443486
1550071427.631886	448865
1550071427.631891	454209
1550071427.631897	459685
1550071427.631902	465051
1550071427.631908	470465
1550071427.631913	475861
1550071427.631918	481190
1550071427.631924	486688
1550071427.631929	492051
1550071427.631936	498620
1550071427.631942	505060
1550071427.631949	511347
1550071427.631955	517818
1550071427.631962	524255
1550071427.631968	530788
1550071427.631975	537411
1550071427.631982	544070
1550071427.631988	550826
1550071427.631994	557118
1550071427.632001	563438
1550071427.632007	570220
1550071427.632014	576470
1550071427.632020	582714
1550071427.632026	588932
1550071427.632033	595181
1550071427.632039	601670
1550071427.632045	608179
1550071427.632052	614421
1550071427.632058	620913
1550071427.632065	627290
1550071427.632071	633369
1550071427.632077	639786
1550071427.632083	646128
1550071427.632090	652883
1550071427.632097	659465
1550071427.632121	684108
1550071427.632142	704646
1550071427.632149	711533
1550071427.632155	718173
1550071427.632162	724764
1550071427.632169	731321
1550071427.632175	737834
1550071427.632182	744679
1550071427.632188	750901
1550071427.632194	757188
1550071427.632201	763362
1550071427.632207	770075
1550071427.632214	776201
1550071427.632220	783194
1550071427.632227	789658
1550071427.632233	796205
1550071427.632240	802640
1550071427.632246	809099
1550071427.632253	815942
1550071427.632260	822679
1550071427.632267	829312
1550071427.632274	836288
1550071427.632279	842218
1550071427.632285	847667
1550071427.632290	853161
1550071427.632296	858690
1550071427.632301	864163
1550071427.632307	869529
1550071427.632312	874966
1550071427.632318	880410
1550071427.632323	885786
1550071427.632329	891298
1550071427.632334	896665
1550071427.632339	902157
1550071427.632345	907703
1550071427.632350	913220
1550071427.632356	918622
1550071427.632361	924172
1550071427.632367	929490
1550071427.632372	934889
1550071427.632378	940247
1550071427.632383	945731
1550071427.632388	951097
1550071427.632394	956475
1550071427.632399	961966
1550071427.632404	967292
1550071427.632410	972552
1550071427.632415	977998
1550071427.632420	983292
1550071427.632426	988718
1550071427.632431	994009
1550071427.632437	999320
1550071427.632442	1004902
1550071427.632447	1010253
1550071427.632453	1015560
1550071427.632458	1020974
1550071427.632464	1026343
1550071427.632469	1031750
1550071427.632474	1037149
1550071427.632480	1042602
1550071427.632485	1048051
1550071427.632491	1053417
1550071427.632496	1058765
1550071427.632501	1064120
1550071427.632507	1069459
1550071427.632512	1074747
1550071427.632517	1080069
1550071427.632523	1085563
1550071427.632528	1090796
1550071427.632533	1096157
1550071427.632539	1101498
1550071427.632544	1106797
1550071427.632549	1112188
1550071427.632555	1117543
1550071427.632560	1122931
1550071427.632565	1128211
1550071427.632571	1133556
1550071427.632576	1138942
1550071427.632582	1144597
1550071427.632587	1149972
1550071427.632593	1155377
1550071427.632598	1160779
1550071427.632603	1166205
1550071427.632609	1171615
1550071427.632614	1177046
1550071427.632620	1182481
1550071427.632625	1187729
1550071427.632630	1193088
1550071427.632636	1198423
1550071427.632641	1203802
1550071427.632646	1209125
1550071427.632652	1214554
1550071427.632657	1219817
1550071427.632662	1225048
1550071427.632667	1230292
1550071427.632673	1235578
1550071427.632678	1240877
1550071427.632683	1246190
1550071427.632689	1251447
1550071427.632694	1256850
1550071427.632699	1262195
1550071427.632705	1267508
1550071427.632710	1272861
1550071427.632716	1278354
1550071427.632721	1283750
1550071427.632726	1289099
1550071427.632732	1294517
1550071427.632737	1299834
1550071427.632742	1305154
1550071427.632748	1310522
1550071427.632753	1315760
1550071427.632758	1321133
1550071427.632764	1326450
1550071427.632769	1331793
1550071427.632774	1337168
1550071427.632780	1342529
1550071427.632785	1347709
1550071427.632790	1353052
1550071427.632796	1358384
1550071427.632801	1363703
1550071427.632806	1368961
1550071427.632811	1374206
1550071427.632817	1379519
1550071427.632822	1384959
1550071427.632827	1390250
1550071427.632833	1395594
1550071427.632838	1400941
1550071427.632844	1406397
1550071427.632849	1411798
1550071427.632854	1417149
1550071427.632860	1422461
1550071427.632865	1427846
1550071427.632870	1433214
1550071427.632876	1438570
1550071427.632881	1443869
1550071427.632886	1449168
1550071427.632892	1454566
1550071427.632897	1459917
1550071427.632903	1465352
1550071427.632908	1470728
1550071427.632913	1476065
1550071427.632919	1481322
1550071427.632924	1486700
1550071427.632929	1492165
1550071427.632935	1497619
1550071427.632940	1502934
1550071427.632946	1508312
1550071427.632951	1513853
1550071427.632956	1519233
1550071427.632962	1524623
1550071427.632967	1530076
1550071427.632973	1535583
1550071427.632978	1541007
1550071427.632984	1546500
1550071427.632989	1551951
1550071427.632995	1557388
1550071427.633000	1562801
1550071427.633005	1568181
1550071427.633011	1573481
1550071427.633031	1593449
1550071427.633036	1599103
1550071427.633041	1604321
1550071427.633047	1609608
1550071427.633052	1614854
1550071427.633057	1620234
1550071427.633063	1625635
1550071427.633068	1630920
1550071427.633073	1636184
1550071427.633079	1641495
1550071427.633084	1646777
1550071427.633089	1652097
1550071427.633095	1657295
1550071427.633100	1662565
1550071427.633105	1667783
1550071427.633110	1673209
1550071427.633116	1678543
1550071427.633121	1683944
1550071427.633126	1689261
1550071427.633132	1694597
1550071427.633137	1700015
1550071427.633143	1705443
1550071427.633148	1710781
1550071427.633153	1716154
1550071427.633159	1721487
1550071427.633164	1726828
1550071427.633169	1732205
1550071427.633175	1737629
1550071427.633180	1743100
1550071427.633186	1748554
1550071427.633191	1753985
1550071427.633197	1759315
1550071427.633202	1764724
1550071427.633207	1769959
1550071427.633212	1775258
1550071427.633218	1780651
1550071427.633223	1785929
1550071427.633228	1791146
1550071427.633234	1796526
1550071427.633239	1801875
1550071427.633245	1807249
1550071427.633250	1812849
1550071427.633255	1818219
1550071427.633261	1823710
1550071427.633266	1829152
1550071427.633272	1834502
1550071427.633277	1839795
1550071427.633282	1845259
1550071427.633288	1850657
1550071427.633293	1856122
1550071427.633299	1861580
1550071427.633304	1866988
1550071427.633310	1872377
1550071427.633315	1877682
1550071427.633320	1882947
1550071427.633325	1888226
1550071427.633331	1893557
1550071427.633336	1898839
1550071427.633341	1904261
1550071427.633347	1909606
1550071427.633352	1914963
1550071427.633357	1920315
1550071427.633363	1925589
1550071427.633368	1930851
1550071427.633373	1936099
1550071427.633378	1941310
1550071427.633384	1946554
1550071427.633389	1951968
1550071427.633395	1957412
1550071427.633400	1962820
1550071427.633406	1968321
1550071427.633411	1973938
1550071427.633416	1979302
1550071427.633422	1984693
1550071427.633427	1990186
1550071427.633433	1995529
1550071427.633438	2000856
1550071427.633443	2006324
1550071427.633449	2011590
1550071427.633454	2016983
1550071427.633460	2022390
1550071427.633465	2027667
1550071427.633470	2033162
1550071427.633476	2038688
1550071427.633481	2044167
1550071427.633488	2050488
1550071427.633494	2056715
1550071427.633500	2063271
1550071427.633507	2069480
1550071427.633513	2075722
1550071427.633519	2082272
1550071427.633526	2088729
1550071427.633532	2095167
1550071427.633539	2101507
1550071427.633545	2107893
1550071427.633552	2114309
1550071427.633558	2121078
1550071427.633565	2127911
1550071427.633572	2133940
1550071427.633578	2140979
1550071427.633585	2147828
1550071427.633592	2154518
1550071427.633599	2161593
1550071427.633606	2168578
1550071427.633613	2175929
1550071427.633619	2182176
1550071427.633626	2188947
1550071427.633633	2195438
1550071427.633640	2202593
1550071427.633647	2209172
1550071427.633653	2215766
1550071427.633660	2222744
1550071427.633667	2230078
1550071427.633674	2237102
1550071427.633681	2243679
1550071427.633688	2250477
1550071427.633695	2257175
1550071427.633701	2263994
1550071427.633708	2270444
1550071427.633714	2276963
1550071427.633721	2283843
1550071427.633728	2290586
1550071427.633734	2297078
1550071427.633741	2303604
1550071427.633747	2309446
1550071427.633753	2315809
1550071427.633760	2322512
1550071427.633767	2329209
1550071427.633773	2335724
1550071427.633780	2342370
1550071427.633786	2349050
1550071427.633793	2356012
1550071427.633800	2362447
1550071427.633806	2369191
1550071427.633813	2375877
1550071427.633820	2382347
1550071427.633826	2388968
1550071427.633833	2395497
1550071427.633839	2402137
1550071427.633847	2409194
1550071427.633853	2415853
1550071427.633860	2422918
1550071427.633867	2429550
1550071427.633873	2435923
1550071427.633880	2442660
1550071427.633888	2450179
1550071427.633894	2456840
1550071427.633901	2463542
1550071427.633907	2470058
1550071427.633914	2476500
1550071427.633921	2483731
1550071427.633928	2490344
1550071427.633934	2497063
1550071427.633942	2504774
1550071427.633949	2511550
1550071427.633956	2518608
1550071427.633963	2525542
1550071427.633971	2533570
1550071427.633991	2553218
1550071427.633998	2561026
1550071427.634005	2567701
1550071427.634012	2574634
1550071427.634019	2581551
1550071427.634025	2588216
1550071427.634032	2594812
1550071427.634039	2601384
1550071427.634045	2607953
1550071427.634052	2614445
1550071427.634058	2620949
1550071427.634065	2627519
1550071427.634071	2634152
1550071427.634078	2640750
1550071427.634085	2647258
1550071427.634091	2654004
1550071427.634098	2660456
1550071427.634104	2666819
1550071427.634111	2673786
1550071427.634118	2680515
1550071427.634126	2688221
1550071427.634132	2695038
1550071427.634139	2701838
1550071427.634146	2708466
1550071427.634153	2715188
1550071427.634159	2721929
1550071427.634167	2729119
1550071427.634173	2735874
1550071427.634180	2742612
1550071427.634187	2749618
1550071427.634193	2756181
1550071427.634200	2763237
1550071427.634207	2769682
1550071427.634214	2776147
1550071427.634221	2783298
1550071427.634228	2790615
1550071427.634235	2797972
1550071427.634242	2804718
1550071427.634249	2811334
1550071427.634256	2818856
1550071427.634263	2825753
1550071427.634270	2832938
1550071427.634277	2839614
1550071427.634284	2846497
1550071427.634291	2853489
1550071427.634298	2860362
1550071427.634305	2867162
1550071427.634311	2873911
1550071427.634318	2880895
1550071427.634325	2887358
1550071427.634332	2893949
1550071427.634338	2901171
1550071427.634345	2907815
1550071427.634352	2915108
1550071427.634359	2921969
1550071427.634366	2928808
1550071427.634373	2935445
1550071427.634380	2942792
1550071427.634387	2949479
1550071427.634393	2956038
1550071427.634400	2963105
1550071427.634408	2970368
1550071427.634414	2977071
1550071427.634421	2983700
1550071427.634428	2990415
1550071427.634434	2996911
1550071427.634441	3003980
1550071427.634448	3010288
1550071427.634455	3017423
1550071427.634462	3024704
1550071427.634469	3031740
1550071427.634476	3038488
1550071427.634482	3044977
1550071427.634489	3052112
1550071427.634496	3058645
1550071427.634503	3065397
1550071427.634509	3072021
1550071427.634516	3078651
1550071427.634524	3086093
1550071427.634530	3092880
1550071427.634537	3100069
1550071427.634545	3107492
1550071427.634552	3114853
1550071427.634559	3121722
1550071427.634566	3128302
1550071427.634572	3134883
1550071427.634579	3141504
1550071427.634586	3148529
1550071427.634593	3155382
1550071427.634599	3161949
1550071427.634606	3168861
1550071427.634613	3175802
1550071427.634620	3182379
1550071427.634627	3189863
1550071427.634634	3196505
1550071427.634640	3202889
1550071427.634647	3209481
1550071427.634654	3216234
1550071427.634660	3222786
1550071427.634667	3229947
1550071427.634674	3236980
1550071427.634681	3244131
1550071427.634689	3251341
1550071427.634696	3258258
1550071427.634702	3265192
1550071427.634709	3271838
1550071427.634717	3278979
1550071427.634724	3286168
1550071427.634731	3293547
1550071427.634737	3300203
1550071427.634745	3307283
1550071427.634751	3314259
1550071427.634759	3321408
1550071427.634765	3328111
1550071427.634772	3334939
1550071427.634779	3341678
1550071427.634786	3348302
1550071427.634792	3354684
1550071427.634798	3360679
1550071427.634805	3367634
1550071427.634811	3374037
1550071427.634817	3380317
1550071427.634824	3386944
1550071427.634831	3393431
1550071427.634837	3400128
1550071427.634844	3406906
1550071427.634851	3413440
1550071427.634857	3420067
1550071427.634864	3426843
1550071427.634871	3433481
1550071427.634877	3440108
1550071427.634884	3446750
1550071427.634891	3453370
1550071427.634897	3459360
1550071427.634903	3465813
1550071427.634910	3472955
1550071427.634917	3479639
1550071427.634924	3486311
1550071427.634930	3493022
1550071427.634937	3499814
1550071427.634944	3506625
1550071427.634951	3513404
1550071427.634957	3520123
1550071427.634964	3527158
1550071427.634971	3533750
1550071427.634978	3540771
1550071427.634985	3547500
1550071427.634992	3554259
1550071427.634998	3560981
1550071427.635005	3567706
1550071427.635012	3574567
1550071427.635019	3581413
1550071427.635026	3588336
1550071427.635033	3595435
1550071427.635039	3601705
1550071427.635045	3607974
1550071427.635052	3614200
1550071427.635058	3620665
1550071427.635080	3640556
1550071427.635085	3640556
1550071427.635089	3640556
1550071427.635094	3640556
1550071427.635098	3640556
1550071427.635102	3640556
1550071427.635106	3640556
1550071427.635110	3640556
1550071427.635114	3640556
1550071427.635118	3640556
1550071427.635124	3643463
1550071427.635131	3649815
1550071427.635137	3656227
1550071427.635144	3662534
1550071427.635150	3668924
1550071427.635156	3675348
1550071427.635163	3681781
1550071427.635169	3688126
1550071427.635176	3694876
1550071427.635183	3701650
1550071427.635189	3707897
1550071427.635195	3714272
1550071427.635202	3721051
1550071427.635209	3727914
1550071427.635216	3734774
1550071427.635222	3741478
1550071427.635229	3747504
1550071427.635235	3753963
1550071427.635241	3760197
1550071427.635248	3766675
1550071427.635254	3773054
1550071427.635261	3779828
1550071427.635267	3786553
1550071427.635274	3793355
1550071427.635281	3800197
1550071427.635287	3806246
1550071427.635294	3812754
1550071427.635301	3819738
1550071427.635307	3826169
1550071427.635314	3833309
1550071427.635321	3840324
1550071427.635328	3847307
1550071427.635335	3854415
1550071427.635342	3861092
1550071427.635349	3868023
1550071427.635356	3875004
1550071427.635363	3882007
1550071427.635369	3888232
1550071427.635376	3894944
1550071427.635383	3901799
1550071427.635390	3908702
1550071427.635397	3915569
1550071427.635404	3922842
1550071427.635411	3930073
1550071427.635418	3936973
1550071427.635425	3943944
1550071427.635445	3964458
1550071427.635451	3970181
1550071427.635456	3975409
1550071427.635462	3981033
1550071427.635467	3986556
1550071427.635473	3991998
1550071427.635479	3997798
1550071427.635484	4003347
1550071427.635490	4008883
1550071427.635495	4014396
1550071427.635501	4020056
1550071427.635506	4025651
1550071427.635512	4030862
1550071427.635517	4036135
1550071427.635523	4041865
1550071427.635528	4047125
1550071427.635533	4052221
1550071427.635538	4057298
1550071427.635544	4062736
1550071427.635549	4068088
1550071427.635554	4073333
1550071427.635560	4078945
1550071427.635565	4084285
1550071427.635571	4089807
1550071427.635576	4095264
1550071427.635581	4100469
1550071427.635587	4105861
1550071427.635592	4111301
1550071427.635597	4116551
1550071427.635603	4122115
1550071427.635608	4127531
1550071427.635614	4133095
1550071427.635619	4138658
1550071427.635625	4144097
1550071427.635631	4149727
1550071427.635636	4155120
1550071427.635641	4160586
1550071427.635647	4165987
1550071427.635652	4171402
1550071427.635658	4176909
1550071427.635663	4182294
1550071427.635669	4187851
1550071427.635674	4193569
1550071427.635680	4199105
1550071427.635686	4204960
1550071427.635691	4210777
1550071427.635697	4216324
1550071427.635703	4221827
1550071427.635708	4227450
1550071427.635713	4232666
1550071427.635723	4241883
1550071427.635729	4247758
1550071427.635734	4253304
1550071427.635742	4257976
1550071427.635746	4257976
1550071427.635749	4257976
1550071427.635753	4257976
1550071427.635756	4257976
1550071427.635760	4257976
1550071427.635763	4257976
1550071427.635767	4257976
1550071427.635770	4257976
1550071427.635774	4257976
1550071427.635777	4257976
1550071427.635781	4257976
1550071427.635784	4257976
1550071427.635787	4257976
1550071427.635791	4257976
1550071427.635794	4257976
1550071427.635797	4257976
1550071427.635800	4257976
1550071427.635803	4257976
1550071427.635806	4257976
1550071427.635809	4257976
1550071427.635812	4257976
1550071427.635815	4257976
1550071427.635818	4257976
1550071427.635821	4257976
1550071427.635824	4257976
1550071427.635827	4257976
1550071427.635830	4257976
1550071427.635833	4257976
1550071427.635835	4257976
1550071427.635838	4257976
1550071427.635841	4257976
1550071427.635844	4257976
1550071427.635847	4257976
1550071427.635850	4257976
1550071427.635853	4257976
1550071427.635856	4257976
1550071427.635859	4257976
1550071427.635862	4257976
1550071427.635865	4257976
1550071427.635868	4257976
1550071427.635870	4257976
1550071427.635873	4257976
1550071427.635876	4257976
1550071427.635879	4257976
1550071427.635882	4257976
1550071427.635885	4257976
1550071427.635888	4257976
1550071427.635926	4257976
1550071427.635929	4257976
1550071427.635933	4257976
1550071427.635936	4257976
1550071427.635940	4257976
1550071427.635943	4257976
1550071427.635947	4257976
1550071427.635950	4257976
1550071427.635954	4257976
1550071427.635957	4257976
1550071427.635961	4257976
1550071427.635964	4257976
1550071427.635968	4257976
1550071427.635971	4257976
1550071427.635975	4257976
1550071427.635979	4257976
1550071427.635983	4257976
1550071427.635986	4257976
1550071427.635990	4257976
1550071427.635994	4257976
1550071427.635998	4257976
1550071427.636002	4257976
1550071427.636005	4257976
1550071427.636008	4257976
1550071427.636012	4257976
1550071427.636015	4257976
1550071427.636019	4257976
1550071427.636023	4257976
1550071427.636026	4257976
1550071427.636030	4257976
1550071427.636034	4257976
1550071427.636037	4257976
1550071427.636041	4257976
1550071427.636044	4257976
1550071427.636048	4257976
1550071427.636051	4257976
1550071427.636055	4257976
1550071427.636058	4257976
1550071427.636062	4257976
1550071427.636065	4257976
1550071427.636068	4257976
1550071427.636071	4257976
1550071427.636075	4257976
1550071427.636078	4257976
1550071427.636082	4257976
1550071427.636085	4257976
1550071427.636088	4257976
1550071427.636092	4257976
1550071427.636095	4257976
1550071427.636099	4257976
1550071427.636103	4257976
1550071427.636106	4257976
1550071427.636110	4257976
1550071427.636113	4257976
1550071427.636116	4257976
1550071427.636120	4257976
1550071427.636123	4257976
1550071427.636137	4257976
1550071427.636141	4257976
1550071427.636144	4257976
1550071427.636147	4257976
1550071427.636151	4257976
1550071427.636155	4257976
1550071427.636158	4257976
1550071427.636161	4257976
1550071427.636165	4257976
1550071427.636169	4257976
1550071427.636172	4257976
1550071427.636176	4257976
1550071427.636180	4257976
1550071427.636183	4257976
1550071427.636187	4257976
1550071427.636190	4257976
1550071427.636194	4257976
1550071427.636198	4257976
1550071427.636202	4257976
1550071427.636205	4257976
1550071427.636209	4257976
1550071427.636212	4257976
1550071427.636216	4257976
1550071427.636220	4257976
1550071427.636223	4257976
1550071427.636227	4257976
1550071427.636231	4257976
1550071427.636234	4257976
1550071427.636238	4257976
1550071427.636241	4257976
1550071427.636245	4257976
1550071427.636249	4257976
1550071427.636253	4257976
1550071427.636257	4257976
1550071427.636261	4257976
1550071427.636265	4257976
1550071427.636268	4257976
1550071427.636272	4257976
1550071427.636276	4257976
1550071427.636280	4257976
1550071427.636283	4257976
1550071427.636287	4257976
1550071427.636291	4257976
1550071427.636295	4257976
1550071427.636299	4257976
1550071427.636302	4257976
1550071427.636306	4257976
1550071427.636310	4257976
1550071427.636314	4257976
1550071427.636318	4257976
1550071427.636321	4257976
1550071427.636325	4257976
1550071427.636329	4257976
1550071427.636333	4257976
1550071427.636337	4257976
1550071427.636341	4257976
1550071427.636345	4257976
1550071427.636349	4257976
1550071427.636353	4257976
1550071427.636357	4257976
1550071427.636361	4257976
1550071427.636364	4257976
1550071427.636368	4257976
1550071427.636372	4257976
1550071427.636375	4257976
1550071427.636379	4257976
1550071427.636382	4257976
1550071427.636386	4257976
1550071427.636389	4257976
1550071427.636393	4257976
1550071427.636397	4257976
1550071427.636400	4257976
1550071427.636404	4257976
1550071427.636408	4257976
1550071427.636411	4257976
1550071427.636415	4257976
1550071427.636418	4257976
1550071427.636422	4257976
1550071427.636426	4257976
1550071427.636430	4257976
1550071427.636433	4257976
1550071427.636438	4257976
1550071427.636442	4257976
1550071427.636447	4257976
1550071427.636450	4257976
1550071427.636454	4257976
1550071427.636457	4257976
1550071427.636461	4257976
1550071427.636465	4257976
1550071427.636468	4257976
1550071427.636472	4257976
1550071427.636476	4257976
1550071427.636480	4257976
1550071427.636484	4257976
1550071427.636487	4257976
1550071427.636491	4257976
1550071427.636495	4257976
1550071427.636498	4257976
1550071427.636502	4257976
1550071427.636506	4257976
1550071427.636509	4257976
1550071427.636538	4257976
1550071427.636542	4257976
1550071427.636545	4257976
1550071427.636547	4257976
1550071427.636550	4257976
1550071427.636553	4257976
1550071427.636555	4257976
1550071427.636558	4257976
1550071427.636561	4257976
1550071427.636563	4257976
1550071427.636566	4257976
1550071427.636569	4257976
1550071427.636571	4257976
1550071427.636574	4257976
1550071427.636577	4257976
1550071427.636579	4257976
1550071427.636582	4257976
1550071427.636585	4257976
1550071427.636587	4257976
1550071427.636590	4257976
1550071427.636593	4257976
1550071427.636595	4257976
1550071427.636598	4257976
1550071427.636601	4257976
1550071427.636603	4257976
1550071427.636606	4257976
1550071427.636609	4257976
1550071427.636611	4257976
1550071427.636614	4257976
1550071427.636617	4257976
1550071427.636619	4257976
1550071427.636622	4257976
1550071427.636625	4257976
1550071427.636627	4257976
1550071427.636630	4257976
1550071427.636633	4257976
1550071427.636635	4257976
1550071427.636638	4257976
1550071427.636641	4257976
1550071427.636643	4257976
1550071427.636646	4257976
1550071427.636649	4257976
1550071427.636651	4257976
1550071427.636654	4257976
1550071427.636657	4257976
1550071427.636659	4257976
1550071427.636662	4257976
1550071427.636665	4257976
1550071427.636667	4257976
1550071427.636670	4257976
1550071427.636673	4257976
1550071427.636675	4257976
1550071427.636678	4257976
1550071427.636681	4257976
1550071427.636684	4257976
1550071427.636686	4257976
1550071427.636689	4257976
1550071427.636692	4257976
1550071427.636694	4257976
1550071427.636697	4257976
1550071427.636700	4257976
1550071427.636702	4257976
1550071427.636705	4257976
1550071427.636708	4257976
1550071427.636710	4257976
1550071427.636713	4257976
1550071427.636716	4257976
1550071427.636718	4257976
1550071427.636721	4257976
1550071427.636724	4257976
1550071427.636726	4257976
1550071427.636729	4257976
1550071427.636732	4257976
1550071427.636735	4257976
1550071427.636737	4257976
1550071427.636740	4257976
1550071427.636743	4257976
1550071427.636745	4257976
1550071427.636748	4257976
1550071427.636751	4257976
1550071427.636753	4257976
1550071427.636756	4257976
1550071427.636759	4257976
1550071427.636761	4257976
1550071427.636764	4257976
1550071427.636767	4257976
1550071427.636769	4257976
1550071427.636772	4257976
1550071427.636775	4257976
1550071427.636777	4257976
1550071427.636780	4257976
1550071427.636783	4257976
1550071427.636785	4257976
1550071427.636788	4257976
1550071427.636791	4257976
1550071427.636793	4257976
1550071427.636796	4257976
1550071427.636799	4257976
1550071427.636801	4257976
1550071427.636804	4257976
1550071427.636807	4257976
1550071427.636809	4257976
1550071427.636812	4257976
1550071427.636815	4257976
1550071427.636817	4257976
1550071427.636820	4257976
1550071427.636823	4257976
1550071427.636825	4257976
1550071427.636828	4257976
1550071427.636831	4257976
1550071427.636833	4257976
1550071427.636836	4257976
1550071427.636839	4257976
1550071427.636842	4257976
1550071427.636845	4257976
1550071427.636847	4257976
1550071427.636850	4257976
1550071427.636853	4257976
1550071427.636855	4257976
1550071427.636858	4257976
1550071427.636861	4257976
1550071427.636863	4257976
1550071427.636866	4257976
1550071427.636869	4257976
1550071427.636872	4257976
1550071427.636874	4257976
1550071427.636877	4257976
1550071427.636880	4257976
1550071427.636882	4257976
1550071427.636885	4257976
1550071427.636888	4257976
1550071427.636890	4257976
1550071427.636893	4257976
1550071427.636896	4257976
1550071427.636898	4257976
1550071427.636901	4257976
1550071427.636904	4257976
1550071427.636906	4257976
1550071427.636909	4257976
1550071427.636912	4257976
1550071427.636914	4257976
1550071427.636917	4257976
1550071427.636920	4257976
1550071427.636922	4257976
1550071427.636925	4257976
1550071427.636928	4257976
1550071427.636931	4257976
1550071427.636933	4257976
1550071427.636936	4257976
1550071427.636938	4257976
1550071427.636941	4257976
1550071427.636944	4257976
1550071427.636946	4257976
1550071427.636949	4257976
1550071427.636952	4257976
1550071427.636954	4257976
1550071427.636957	4257976
1550071427.636967	4257976
1550071427.636970	4257976
1550071427.636972	4257976
1550071427.636975	4257976
1550071427.636978	4257976
1550071427.636980	4257976
1550071427.636983	4257976
1550071427.636986	4257976
1550071427.636988	4257976
1550071427.636991	4257976
1550071427.636994	4257976
1550071427.636996	4257976
1550071427.636999	4257976
1550071427.637002	4257976
1550071427.637004	4257976
1550071427.637007	4257976
1550071427.637010	4257976
1550071427.637012	4257976
1550071427.637015	4257976
1550071427.637017	4257976
1550071427.637020	4257976
1550071427.637023	4257976
1550071427.637025	4257976
1550071427.637028	4257976
1550071427.637031	4257976
1550071427.637034	4257976
1550071427.637036	4257976
1550071427.637039	4257976
1550071427.637042	4257976
1550071427.637044	4257976
1550071427.637047	4257976
1550071427.637049	4257976
1550071427.637052	4257976
1550071427.637055	4257976
1550071427.637057	4257976
1550071427.637060	4257976
1550071427.637063	4257976
1550071427.637065	4257976
1550071427.637068	4257976
1550071427.637070	4257976
1550071427.637073	4257976
1550071427.637076	4257976
1550071427.637078	4257976
1550071427.637081	4257976
1550071427.637083	4257976
1550071427.637086	4257976
1550071427.637089	4257976
1550071427.637091	4257976
1550071427.637094	4257976
1550071427.637097	4257976
1550071427.637099	4257976
1550071427.637102	4257976
1550071427.637105	4257976
1550071427.637107	4257976
1550071427.637110	4257976
1550071427.637112	4257976
1550071427.637115	4257976
1550071427.637118	4257976
1550071427.637121	4257976
1550071427.637123	4257976
1550071427.637126	4257976
1550071427.637129	4257976
1550071427.637131	4257976
1550071427.637134	4257976
1550071427.637137	4257976
1550071427.637139	4257976
1550071427.637142	4257976
1550071427.637145	4257976
1550071427.637147	4257976
1550071427.637150	4257976
1550071427.637153	4257976
1550071427.637155	4257976
1550071427.637158	4257976
1550071427.637161	4257976
1550071427.637163	4257976
1550071427.637166	4257976
1550071427.637169	4257976
1550071427.637171	4257976
1550071427.637174	4257976
1550071427.637177	4257976
1550071427.637179	4257976
1550071427.637182	4257976
1550071427.637185	4257976
1550071427.637187	4257976
1550071427.637190	4257976
1550071427.637193	4257976
1550071427.637196	4257976
1550071427.637198	4257976
1550071427.637201	4257976
1550071427.637204	4257976
1550071427.637206	4257976
1550071427.637209	4257976
1550071427.637212	4257976
1550071427.637214	4257976
1550071427.637217	4257976
1550071427.637220	4257976
1550071427.637222	4257976
1550071427.637225	4257976
1550071427.637228	4257976
1550071427.637230	4257976
1550071427.637233	4257976
1550071427.637236	4257976
1550071427.637238	4257976
1550071427.637241	4257976
1550071427.637244	4257976
1550071427.637246	4257976
1550071427.637249	4257976
1550071427.637252	4257976
1550071427.637254	4257976
1550071427.637257	4257976
1550071427.637260	4257976
1550071427.637262	4257976
1550071427.637265	4257976
1550071427.637268	4257976
1550071427.637270	4257976
1550071427.637273	4257976
1550071427.637276	4257976
1550071427.637278	4257976
1550071427.637281	4257976
1550071427.637284	4257976
1550071427.637286	4257976
1550071427.637289	4257976
1550071427.637292	4257976
1550071427.637294	4257976
1550071427.637297	4257976
1550071427.637300	4257976
1550071427.637302	4257976
1550071427.637305	4257976
1550071427.637308	4257976
1550071427.637310	4257976
1550071427.637313	4257976
1550071427.637316	4257976
1550071427.637318	4257976
1550071427.637321	4257976
1550071427.637324	4257976
1550071427.637327	4257976
1550071427.637329	4257976
1550071427.637332	4257976
1550071427.637335	4257976
1550071427.637337	4257976
1550071427.637340	4257976
1550071427.637343	4257976
1550071427.637345	4257976
1550071427.637348	4257976
1550071427.637351	4257976
1550071427.637353	4257976
1550071427.637356	4257976
1550071427.637359	4257976
1550071427.637361	4257976
1550071427.637364	4257976
1550071427.637367	4257976
1550071427.637369	4257976
1550071427.637372	4257976
1550071427.637375	4257976
1550071427.637377	4257976
1550071427.637380	4257976
1550071427.637383	4257976
1550071427.637386	4257976
1550071427.637394	4257976
1550071427.637396	4257976
1550071427.637399	4257976
1550071427.637402	4257976
1550071427.637404	4257976
1550071427.637407	4257976
1550071427.637410	4257976
1550071427.637412	4257976
1550071427.637415	4257976
1550071427.637418	4257976
1550071427.637421	4257976
1550071427.637423	4257976
1550071427.637426	4257976
1550071427.637429	4257976
1550071427.637432	4257976
1550071427.637434	4257976
1550071427.637437	4257976
1550071427.637440	4257976
1550071427.637442	4257976
1550071427.637445	4257976
1550071427.637448	4257976
1550071427.637451	4257976
1550071427.637453	4257976
1550071427.637456	4257976
1550071427.637458	4257976
1550071427.637461	4257976
1550071427.637464	4257976
1550071427.637466	4257976
1550071427.637469	4257976
1550071427.637472	4257976
1550071427.637475	4257976
1550071427.637477	4257976
1550071427.637480	4257976
1550071427.637482	4257976
1550071427.637485	4257976
1550071427.637488	4257976
1550071427.637491	4257976
1550071427.637493	4257976
1550071427.637496	4257976
1550071427.637499	4257976
1550071427.637501	4257976
1550071427.637504	4257976
1550071427.637507	4257976
1550071427.637509	4257976
1550071427.637512	4257976
1550071427.637515	4257976
1550071427.637517	4257976
1550071427.637520	4257976
1550071427.637523	4257976
1550071427.637525	4257976
1550071427.637528	4257976
1550071427.637531	4257976
1550071427.637533	4257976
1550071427.637536	4257976
1550071427.637539	4257976
1550071427.637541	4257976
1550071427.637544	4257976
1550071427.637547	4257976
1550071427.637550	4257976
1550071427.637554	4257976
1550071427.637557	4257976
1550071427.637560	4257976
1550071427.637563	4257976
1550071427.637566	4257976
1550071427.637569	4257976
1550071427.637571	4257976
1550071427.637574	4257976
1550071427.637577	4257976
1550071427.637579	4257976
1550071427.637582	4257976
1550071427.637585	4257976
1550071427.637587	4257976
1550071427.637590	4257976
1550071427.637593	4257976
1550071427.637595	4257976
1550071427.637598	4257976
1550071427.637601	4257976
1550071427.637603	4257976
1550071427.637606	4257976
1550071427.637609	4257976
1550071427.637611	4257976
1550071427.637615	4257976
1550071427.637617	4257976
1550071427.637620	4257976
1550071427.637623	4257976
1550071427.637626	4257976
1550071427.637630	4257976
1550071427.637633	4257976
1550071427.637635	4257976
1550071427.637638	4257976
1550071427.637641	4257976
1550071427.637644	4257976
1550071427.637648	4257976
1550071427.637651	4257976
1550071427.637654	4257976
1550071427.637657	4257976
1550071427.637660	4257976
1550071427.637664	4257976
1550071427.637667	4257976
1550071427.637669	4257976
1550071427.637673	4257976
1550071427.637676	4257976
1550071427.637678	4257976
1550071427.637681	4257976
1550071427.637684	4257976
1550071427.637687	4257976
1550071427.637690	4257976
1550071427.637693	4257976
1550071427.637695	4257976
1550071427.637698	4257976
1550071427.637701	4257976
1550071427.637704	4257976
1550071427.637708	4257976
1550071427.637711	4257976
1550071427.637714	4257976
1550071427.637718	4257976
1550071427.637721	4257976
1550071427.637724	4257976
1550071427.637727	4257976
1550071427.637730	4257976
1550071427.637733	4257976
1550071427.637736	4257976
1550071427.637739	4257976
1550071427.637743	4257976
1550071427.637746	4257976
1550071427.637748	4257976
1550071427.637752	4257976
1550071427.637755	4257976
1550071427.637758	4257976
1550071427.637760	4257976
1550071427.637763	4257976
1550071427.637766	4257976
1550071427.637769	4257976
1550071427.637772	4257976
1550071427.637775	4257976
1550071427.637779	4257976
1550071427.637782	4257976
1550071427.637785	4257976
1550071427.637789	4257976
1550071427.637792	4257976
1550071427.637795	4257976
1550071427.637799	4257976
1550071427.637802	4257976
1550071427.637805	4257976
1550071427.637808	4257976
1550071427.637811	4257976
1550071427.637814	4257976
1550071427.637816	4257976
1550071427.637819	4257976
1550071427.637822	4257976
1550071427.637825	4257976
1550071427.637828	4257976
1550071427.637831	4257976
1550071427.637834	4257976
1550071427.637837	4257976
1550071427.637840	4257976
1550071427.637843	4257976
1550071427.637865	4257976
1550071427.637869	4257976
1550071427.637872	4257976
1550071427.637875	4257976
1550071427.637878	4257976
1550071427.637882	4257976
1550071427.637884	4257976
1550071427.637888	4257976
1550071427.637891	4257976
1550071427.637894	4257976
1550071427.637897	4257976
1550071427.637901	4257976
1550071427.637904	4257976
1550071427.637907	4257976
1550071427.637911	4257976
1550071427.637914	4257976
1550071427.637917	4257976
1550071427.637921	4257976
1550071427.637924	4257976
1550071427.637928	4257976
1550071427.637932	4257976
1550071427.637939	4257976
1550071427.637945	4257976
1550071427.637950	4257976
1550071427.637953	4257976
1550071427.637957	4257976
1550071427.637959	4257976
1550071427.637962	4257976
1550071427.637966	4257976
1550071427.637969	4257976
1550071427.637972	4257976
1550071427.637975	4257976
1550071427.637978	4257976
1550071427.637981	4257976
1550071427.637985	4257976
1550071427.637989	4257976
1550071427.637992	4257976
1550071427.637996	4257976
1550071427.637999	4257976
1550071427.638002	4257976
1550071427.638006	4257976
1550071427.638010	4257976
1550071427.638013	4257976
1550071427.638017	4257976
1550071427.638020	4257976
1550071427.638023	4257976
1550071427.638025	4257976
1550071427.638029	4257976
1550071427.638032	4257976
1550071427.638035	4257976
1550071427.638038	4257976
1550071427.638040	4257976
1550071427.638043	4257976
1550071427.638047	4257976
1550071427.638050	4257976
1550071427.638052	4257976
1550071427.638056	4257976
1550071427.638059	4257976
1550071427.638063	4257976
1550071427.638066	4257976
1550071427.638069	4257976
1550071427.638072	4257976
1550071427.638075	4257976
1550071427.638080	4257976
1550071427.638083	4257976
1550071427.638085	4257976
1550071427.638088	4257976
1550071427.638091	4257976
1550071427.638093	4257976
1550071427.638096	4257976
1550071427.638099	4257976
1550071427.638102	4257976
1550071427.638104	4257976
1550071427.638107	4257976
1550071427.638110	4257976
1550071427.638113	4257976
1550071427.638116	4257976
1550071427.638118	4257976
1550071427.638122	4257976
1550071427.638124	4257976
1550071427.638127	4257976
1550071427.638130	4257976
1550071427.638133	4257976
1550071427.638136	4257976
1550071427.638139	4257976
1550071427.638142	4257976
1550071427.638145	4257976
1550071427.638148	4257976
1550071427.638150	4257976
1550071427.638153	4257976
1550071427.638156	4257976
1550071427.638158	4257976
1550071427.638161	4257976
1550071427.638164	4257976
1550071427.638166	4257976
1550071427.638169	4257976
1550071427.638172	4257976
1550071427.638175	4257976
1550071427.638178	4257976
1550071427.638181	4257976
1550071427.638184	4257976
1550071427.638187	4257976
1550071427.638190	4257976
1550071427.638193	4257976
1550071427.638196	4257976
1550071427.638198	4257976
1550071427.638201	4257976
1550071427.638204	4257976
1550071427.638207	4257976
1550071427.638209	4257976
1550071427.638213	4257976
1550071427.638216	4257976
1550071427.638219	4257976
1550071427.638222	4257976
1550071427.638225	4257976
1550071427.638227	4257976
1550071427.638230	4257976
1550071427.638233	4257976
1550071427.638236	4257976
1550071427.638239	4257976
1550071427.638241	4257976
1550071427.638244	4257976
1550071427.638248	4257976
1550071427.638250	4257976
1550071427.638253	4257976
1550071427.638256	4257976
1550071427.638259	4257976
1550071427.638262	4257976
1550071427.638264	4257976
1550071427.638267	4257976
1550071427.638270	4257976
1550071427.638273	4257976
1550071427.638276	4257976
1550071427.638278	4257976
1550071427.638281	4257976
1550071427.638284	4257976
1550071427.638286	4257976
1550071427.638289	4257976
1550071427.638292	4257976
1550071427.638294	4257976
1550071427.638297	4257976
1550071427.638300	4257976
1550071427.638302	4257976
1550071427.638305	4257976
1550071427.638308	4257976
1550071427.638310	4257976
1550071427.638313	4257976
1550071427.638316	4257976
1550071427.638319	4257976
1550071427.638321	4257976
1550071427.638324	4257976
1550071427.638327	4257976
1550071427.638329	4257976
1550071427.638332	4257976
